<?xml version="1.0" encoding="UTF-8"?>
<testng-results skipped="0" failed="0" ignored="0" total="1" passed="1">
  <reporter-output>
  </reporter-output>
  <suite name="Default suite" duration-ms="13820" started-at="2020-04-21T17:43:04Z" finished-at="2020-04-21T17:43:18Z">
    <groups>
    </groups>
    <test name="Default test" duration-ms="13820" started-at="2020-04-21T17:43:04Z" finished-at="2020-04-21T17:43:18Z">
      <class name="basics3">
        <test-method status="PASS" signature="MapAPIAddAndDeletePlaceTest()[pri:0, instance:basics3@319b92f3]" name="MapAPIAddAndDeletePlaceTest" duration-ms="13702" started-at="2020-04-21T17:43:05Z" finished-at="2020-04-21T17:43:18Z">
          <reporter-output>
          </reporter-output>
        </test-method> <!-- MapAPIAddAndDeletePlaceTest -->
      </class> <!-- basics3 -->
    </test> <!-- Default test -->
  </suite> <!-- Default suite -->
</testng-results>
